<?xml version="1.0" encoding="UTF-8"?>
<testng-results skipped="0" failed="2" ignored="0" total="5" passed="3">
  <reporter-output>
  </reporter-output>
  <suite name="Default suite" duration-ms="11317" started-at="2021-03-11T17:18:59 IST" finished-at="2021-03-11T17:19:10 IST">
    <groups>
    </groups>
    <test name="Default test" duration-ms="11317" started-at="2021-03-11T17:18:59 IST" finished-at="2021-03-11T17:19:10 IST">
      <class name="godaddy.com.goDaddySiteTest">
        <test-method status="PASS" signature="setUpBasePest()[pri:0, instance:godaddy.com.goDaddySiteTest@27a8c74e]" name="setUpBasePest" is-config="true" duration-ms="6722" started-at="2021-03-11T17:18:59 IST" finished-at="2021-03-11T17:19:05 IST">
          <reporter-output>
          </reporter-output>
        </test-method> <!-- setUpBasePest -->
        <test-method status="PASS" signature="reSizeWindow()[pri:0, instance:godaddy.com.goDaddySiteTest@27a8c74e]" name="reSizeWindow" duration-ms="1610" started-at="2021-03-11T17:19:05 IST" finished-at="2021-03-11T17:19:07 IST">
          <reporter-output>
          </reporter-output>
        </test-method> <!-- reSizeWindow -->
        <test-method status="PASS" signature="testPageSource()[pri:0, instance:godaddy.com.goDaddySiteTest@27a8c74e]" name="testPageSource" duration-ms="981" started-at="2021-03-11T17:19:07 IST" finished-at="2021-03-11T17:19:08 IST">
          <reporter-output>
          </reporter-output>
        </test-method> <!-- testPageSource -->
        <test-method status="PASS" signature="testPageTitle()[pri:0, instance:godaddy.com.goDaddySiteTest@27a8c74e]" name="testPageTitle" duration-ms="331" started-at="2021-03-11T17:19:08 IST" finished-at="2021-03-11T17:19:08 IST">
          <reporter-output>
          </reporter-output>
        </test-method> <!-- testPageTitle -->
        <test-method status="FAIL" signature="testPageURL()[pri:0, instance:godaddy.com.goDaddySiteTest@27a8c74e]" name="testPageURL" duration-ms="55" started-at="2021-03-11T17:19:08 IST" finished-at="2021-03-11T17:19:08 IST">
          <exception class="java.lang.AssertionError">
            <message>
              <![CDATA[expected [https://www.godaddy.com/] but found [https://il.godaddy.com/en]]]>
            </message>
            <full-stacktrace>
              <![CDATA[java.lang.AssertionError: expected [https://www.godaddy.com/] but found [https://il.godaddy.com/en]
at org.testng.Assert.fail(Assert.java:99)
at org.testng.Assert.failNotEquals(Assert.java:1037)
at org.testng.Assert.assertEqualsImpl(Assert.java:140)
at org.testng.Assert.assertEquals(Assert.java:122)
at org.testng.Assert.assertEquals(Assert.java:629)
at org.testng.Assert.assertEquals(Assert.java:639)
at godaddy.com.basePage.assertEqualsText(basePage.java:21)
at godaddy.com.goDaddySiteTest.testPageURL(goDaddySiteTest.java:27)
at sun.reflect.NativeMethodAccessorImpl.invoke0(Native Method)
at sun.reflect.NativeMethodAccessorImpl.invoke(NativeMethodAccessorImpl.java:62)
at sun.reflect.DelegatingMethodAccessorImpl.invoke(DelegatingMethodAccessorImpl.java:43)
at java.lang.reflect.Method.invoke(Method.java:498)
at org.testng.internal.MethodInvocationHelper.invokeMethod(MethodInvocationHelper.java:132)
at org.testng.internal.TestInvoker.invokeMethod(TestInvoker.java:599)
at org.testng.internal.TestInvoker.invokeTestMethod(TestInvoker.java:174)
at org.testng.internal.MethodRunner.runInSequence(MethodRunner.java:46)
at org.testng.internal.TestInvoker$MethodInvocationAgent.invoke(TestInvoker.java:822)
at org.testng.internal.TestInvoker.invokeTestMethods(TestInvoker.java:147)
at org.testng.internal.TestMethodWorker.invokeTestMethods(TestMethodWorker.java:146)
at org.testng.internal.TestMethodWorker.run(TestMethodWorker.java:128)
at java.util.ArrayList.forEach(ArrayList.java:1259)
at org.testng.TestRunner.privateRun(TestRunner.java:764)
at org.testng.TestRunner.run(TestRunner.java:585)
at org.testng.SuiteRunner.runTest(SuiteRunner.java:384)
at org.testng.SuiteRunner.runSequentially(SuiteRunner.java:378)
at org.testng.SuiteRunner.privateRun(SuiteRunner.java:337)
at org.testng.SuiteRunner.run(SuiteRunner.java:286)
at org.testng.SuiteRunnerWorker.runSuite(SuiteRunnerWorker.java:53)
at org.testng.SuiteRunnerWorker.run(SuiteRunnerWorker.java:96)
at org.testng.TestNG.runSuitesSequentially(TestNG.java:1218)
at org.testng.TestNG.runSuitesLocally(TestNG.java:1140)
at org.testng.TestNG.runSuites(TestNG.java:1069)
at org.testng.TestNG.run(TestNG.java:1037)
at org.testng.remote.AbstractRemoteTestNG.run(AbstractRemoteTestNG.java:115)
at org.testng.remote.RemoteTestNG.initAndRun(RemoteTestNG.java:251)
at org.testng.remote.RemoteTestNG.main(RemoteTestNG.java:77)
]]>
            </full-stacktrace>
          </exception> <!-- java.lang.AssertionError -->
          <reporter-output>
          </reporter-output>
        </test-method> <!-- testPageURL -->
        <test-method status="FAIL" signature="validateTitleInPageSource()[pri:0, instance:godaddy.com.goDaddySiteTest@27a8c74e]" name="validateTitleInPageSource" duration-ms="132" started-at="2021-03-11T17:19:08 IST" finished-at="2021-03-11T17:19:08 IST">
          <exception class="java.lang.AssertionError">
            <message>
              <![CDATA[expected [true] but found [false]]]>
            </message>
            <full-stacktrace>
              <![CDATA[java.lang.AssertionError: expected [true] but found [false]
at org.testng.Assert.fail(Assert.java:99)
at org.testng.Assert.failNotEquals(Assert.java:1037)
at org.testng.Assert.assertTrue(Assert.java:45)
at org.testng.Assert.assertTrue(Assert.java:55)
at godaddy.com.basePage.assertTrueIfContain(basePage.java:25)
at godaddy.com.goDaddySiteTest.validateTitleInPageSource(goDaddySiteTest.java:41)
at sun.reflect.NativeMethodAccessorImpl.invoke0(Native Method)
at sun.reflect.NativeMethodAccessorImpl.invoke(NativeMethodAccessorImpl.java:62)
at sun.reflect.DelegatingMethodAccessorImpl.invoke(DelegatingMethodAccessorImpl.java:43)
at java.lang.reflect.Method.invoke(Method.java:498)
at org.testng.internal.MethodInvocationHelper.invokeMethod(MethodInvocationHelper.java:132)
at org.testng.internal.TestInvoker.invokeMethod(TestInvoker.java:599)
at org.testng.internal.TestInvoker.invokeTestMethod(TestInvoker.java:174)
at org.testng.internal.MethodRunner.runInSequence(MethodRunner.java:46)
at org.testng.internal.TestInvoker$MethodInvocationAgent.invoke(TestInvoker.java:822)
at org.testng.internal.TestInvoker.invokeTestMethods(TestInvoker.java:147)
at org.testng.internal.TestMethodWorker.invokeTestMethods(TestMethodWorker.java:146)
at org.testng.internal.TestMethodWorker.run(TestMethodWorker.java:128)
at java.util.ArrayList.forEach(ArrayList.java:1259)
at org.testng.TestRunner.privateRun(TestRunner.java:764)
at org.testng.TestRunner.run(TestRunner.java:585)
at org.testng.SuiteRunner.runTest(SuiteRunner.java:384)
at org.testng.SuiteRunner.runSequentially(SuiteRunner.java:378)
at org.testng.SuiteRunner.privateRun(SuiteRunner.java:337)
at org.testng.SuiteRunner.run(SuiteRunner.java:286)
at org.testng.SuiteRunnerWorker.runSuite(SuiteRunnerWorker.java:53)
at org.testng.SuiteRunnerWorker.run(SuiteRunnerWorker.java:96)
at org.testng.TestNG.runSuitesSequentially(TestNG.java:1218)
at org.testng.TestNG.runSuitesLocally(TestNG.java:1140)
at org.testng.TestNG.runSuites(TestNG.java:1069)
at org.testng.TestNG.run(TestNG.java:1037)
at org.testng.remote.AbstractRemoteTestNG.run(AbstractRemoteTestNG.java:115)
at org.testng.remote.RemoteTestNG.initAndRun(RemoteTestNG.java:251)
at org.testng.remote.RemoteTestNG.main(RemoteTestNG.java:77)
]]>
            </full-stacktrace>
          </exception> <!-- java.lang.AssertionError -->
          <reporter-output>
          </reporter-output>
        </test-method> <!-- validateTitleInPageSource -->
        <test-method status="PASS" signature="teardownBasePage()[pri:0, instance:godaddy.com.goDaddySiteTest@27a8c74e]" name="teardownBasePage" is-config="true" duration-ms="1403" started-at="2021-03-11T17:19:08 IST" finished-at="2021-03-11T17:19:10 IST">
          <reporter-output>
          </reporter-output>
        </test-method> <!-- teardownBasePage -->
      </class> <!-- godaddy.com.goDaddySiteTest -->
    </test> <!-- Default test -->
  </suite> <!-- Default suite -->
</testng-results>
